<?xml version="1.0" encoding="UTF-8"?>
<!-- Generated by org.testng.reporters.JUnitReportReporter -->
<testsuite skipped="0" hostname="Lucifer" name="org.project.testCaseValidation.validationForPost" tests="5" failures="0" timestamp="2024-01-07T12:59:07 IST" time="5.496" errors="0">
  <testcase name="createPostTest" time="2.571" classname="org.project.testCaseValidation.validationForPost"/>
  <testcase name="getPostByIdTest" time="0.255" classname="org.project.testCaseValidation.validationForPost"/>
  <testcase name="updatePostTest" time="1.248" classname="org.project.testCaseValidation.validationForPost"/>
  <testcase name="getPostsTest" time="0.322" classname="org.project.testCaseValidation.validationForPost"/>
  <testcase name="deletePostTest" time="1.100" classname="org.project.testCaseValidation.validationForPost"/>
</testsuite> <!-- org.project.testCaseValidation.validationForPost -->
