<?xml version="1.0" encoding="UTF-8"?>
<!-- Generated by org.testng.reporters.JUnitReportReporter -->
<testsuite skipped="0" hostname="Lucifer" name="org.project.testCaseValidation.validationForUser" tests="5" failures="0" timestamp="2024-01-07T12:59:07 IST" time="3.374" errors="0">
  <testcase name="deleteUserTest" time="0.530" classname="org.project.testCaseValidation.validationForUser"/>
  <testcase name="updateUserTest" time="1.164" classname="org.project.testCaseValidation.validationForUser"/>
  <testcase name="getUserByIdTest" time="0.290" classname="org.project.testCaseValidation.validationForUser"/>
  <testcase name="createUserTest" time="1.114" classname="org.project.testCaseValidation.validationForUser"/>
  <testcase name="getUsersTest" time="0.276" classname="org.project.testCaseValidation.validationForUser"/>
</testsuite> <!-- org.project.testCaseValidation.validationForUser -->
